2023-10-07 03:52:48.978 [info] Extension host with pid 186925 started
2023-10-07 03:52:48.992 [info] Lock '/home/team32/.vscode-server/data/User/workspaceStorage/bd96652e39df25e90dcb734f09e47425/vscode.lock': Lock acquired.
2023-10-07 03:52:49.125 [info] ExtensionService#_doActivateExtension vscode.git-base, startup: false, activationEvent: '*'
2023-10-07 03:52:49.191 [info] ExtensionService#_doActivateExtension vscode.github, startup: false, activationEvent: '*'
2023-10-07 03:52:49.270 [info] Eager extensions activated
2023-10-07 03:52:49.271 [info] ExtensionService#_doActivateExtension vscode.debug-auto-launch, startup: false, activationEvent: 'onStartupFinished'
2023-10-07 03:52:49.271 [info] ExtensionService#_doActivateExtension vscode.merge-conflict, startup: false, activationEvent: 'onStartupFinished'
2023-10-07 03:52:53.296 [info] ExtensionService#_doActivateExtension vscode.git, startup: false, activationEvent: 'api', root cause: vscode.github
2023-10-07 03:53:06.843 [info] ExtensionService#_doActivateExtension vscode.emmet, startup: false, activationEvent: 'onLanguage'
2023-10-07 03:55:56.239 [info] ExtensionService#_doActivateExtension vscode.npm, startup: false, activationEvent: 'onTerminalQuickFixRequest:ms-vscode.npm-command'
2023-10-07 03:58:07.337 [warning] [Decorations] CAPPING events from decorations provider vscode.git 778
2023-10-07 03:58:08.510 [warning] [Decorations] CAPPING events from decorations provider vscode.git 778
2023-10-07 03:58:19.214 [warning] [Decorations] CAPPING events from decorations provider vscode.git 778
2023-10-07 03:58:31.044 [warning] [Decorations] CAPPING events from decorations provider vscode.git 778
2023-10-07 04:00:22.345 [warning] [Decorations] CAPPING events from decorations provider vscode.git 778
2023-10-07 04:10:49.636 [warning] [Decorations] CAPPING events from decorations provider vscode.git 2056
2023-10-07 04:10:53.660 [warning] [Decorations] CAPPING events from decorations provider vscode.git 2056
2023-10-07 04:10:58.694 [warning] [Decorations] CAPPING events from decorations provider vscode.git 2056
2023-10-07 04:11:03.731 [warning] [Decorations] CAPPING events from decorations provider vscode.git 2056
2023-10-07 04:11:08.763 [warning] [Decorations] CAPPING events from decorations provider vscode.git 2056
